06/15/2023 02:32:48 PM: INFO: Applicable driver not found; attempting to install with Selenium Manager (Beta)
06/15/2023 02:32:51 PM: INFO: ****************Test_001_Login*********************
06/15/2023 02:32:51 PM: INFO: **************** verifying home page title *********************
06/15/2023 02:32:59 PM: INFO: **************Home Page title is passed *********************
06/15/2023 02:32:59 PM: INFO: Applicable driver not found; attempting to install with Selenium Manager (Beta)
06/15/2023 02:33:01 PM: INFO: **************** verifying Login test *********************
06/15/2023 02:33:19 PM: INFO: ****************Test case is passed *********************
06/15/2023 02:33:59 PM: INFO: Applicable driver not found; attempting to install with Selenium Manager (Beta)
06/15/2023 02:34:01 PM: INFO: ********Test_003_AddCustomer*******
06/15/2023 02:34:19 PM: INFO: ************ Login Succesfull************
06/15/2023 02:34:19 PM: INFO: ******************Starting Add Customer Test*************************
06/15/2023 02:37:40 PM: INFO: Applicable driver not found; attempting to install with Selenium Manager (Beta)
06/15/2023 02:37:42 PM: INFO: ********Test_003_AddCustomer*******
06/15/2023 02:38:00 PM: INFO: ************ Login Succesfull************
06/15/2023 02:38:00 PM: INFO: ******************Starting Add Customer Test*************************
06/15/2023 02:39:27 PM: INFO: Applicable driver not found; attempting to install with Selenium Manager (Beta)
06/15/2023 02:39:28 PM: INFO: ********Test_003_AddCustomer*******
06/15/2023 02:39:45 PM: INFO: ************ Login Succesfull************
06/15/2023 02:39:45 PM: INFO: ******************Starting Add Customer Test*************************
06/15/2023 02:40:09 PM: INFO: Applicable driver not found; attempting to install with Selenium Manager (Beta)
06/15/2023 02:40:10 PM: INFO: ********Test_003_AddCustomer*******
06/15/2023 02:40:27 PM: INFO: ************ Login Succesfull************
06/15/2023 02:40:27 PM: INFO: ******************Starting Add Customer Test*************************
06/15/2023 02:42:28 PM: INFO: Applicable driver not found; attempting to install with Selenium Manager (Beta)
06/15/2023 02:42:29 PM: INFO: ********Test_003_AddCustomer*******
06/15/2023 02:42:46 PM: INFO: ************ Login Succesfull************
06/15/2023 02:42:46 PM: INFO: ******************Starting Add Customer Test*************************
06/15/2023 02:43:15 PM: INFO: Applicable driver not found; attempting to install with Selenium Manager (Beta)
06/15/2023 02:43:16 PM: INFO: ********Test_003_AddCustomer*******
06/15/2023 02:43:34 PM: INFO: ************ Login Succesfull************
06/15/2023 02:43:34 PM: INFO: ******************Starting Add Customer Test*************************
06/15/2023 02:43:34 PM: INFO: *************Providing Customer ***********************
06/15/2023 02:45:08 PM: INFO: Applicable driver not found; attempting to install with Selenium Manager (Beta)
06/15/2023 02:45:09 PM: INFO: ********Test_003_AddCustomer*******
06/15/2023 02:45:31 PM: INFO: ************ Login Succesfull************
06/15/2023 02:45:31 PM: INFO: ******************Starting Add Customer Test*************************
06/15/2023 02:45:31 PM: INFO: *************Providing Customer ***********************
06/15/2023 02:45:53 PM: INFO: Applicable driver not found; attempting to install with Selenium Manager (Beta)
06/15/2023 02:45:55 PM: INFO: ********Test_003_AddCustomer*******
06/15/2023 02:46:13 PM: INFO: ************ Login Succesfull************
06/15/2023 02:46:13 PM: INFO: ******************Starting Add Customer Test*************************
06/15/2023 02:46:13 PM: INFO: *************Providing Customer ***********************
06/15/2023 02:48:58 PM: INFO: Applicable driver not found; attempting to install with Selenium Manager (Beta)
06/15/2023 02:48:59 PM: INFO: ********Test_003_AddCustomer*******
06/15/2023 02:49:20 PM: INFO: ************ Login Succesfull************
06/15/2023 02:49:20 PM: INFO: ******************Starting Add Customer Test*************************
06/15/2023 02:49:20 PM: INFO: *************Providing Customer ***********************
06/15/2023 02:51:57 PM: INFO: Applicable driver not found; attempting to install with Selenium Manager (Beta)
06/15/2023 02:51:58 PM: INFO: ********Test_003_AddCustomer*******
06/15/2023 02:52:22 PM: INFO: ************ Login Succesfull************
06/15/2023 02:52:22 PM: INFO: ******************Starting Add Customer Test*************************
06/15/2023 02:52:22 PM: INFO: *************Providing Customer ***********************
06/15/2023 02:54:01 PM: INFO: Applicable driver not found; attempting to install with Selenium Manager (Beta)
06/15/2023 02:54:02 PM: INFO: ********Test_003_AddCustomer*******
06/15/2023 02:54:27 PM: INFO: ************ Login Succesfull************
06/15/2023 02:54:27 PM: INFO: ******************Starting Add Customer Test*************************
06/15/2023 02:54:27 PM: INFO: *************Providing Customer ***********************
06/15/2023 02:58:16 PM: INFO: Applicable driver not found; attempting to install with Selenium Manager (Beta)
06/15/2023 02:58:17 PM: INFO: ********Test_003_AddCustomer*******
06/15/2023 02:58:36 PM: INFO: ************ Login Succesfull************
06/15/2023 02:58:36 PM: INFO: ******************Starting Add Customer Test*************************
06/15/2023 02:58:36 PM: INFO: *************Providing Customer ***********************
06/15/2023 03:01:10 PM: INFO: Applicable driver not found; attempting to install with Selenium Manager (Beta)
06/15/2023 03:01:12 PM: INFO: ********Test_003_AddCustomer*******
06/15/2023 03:01:28 PM: INFO: ************ Login Succesfull************
06/15/2023 03:01:28 PM: INFO: ******************Starting Add Customer Test*************************
06/15/2023 03:01:28 PM: INFO: *************Providing Customer ***********************
06/15/2023 03:02:29 PM: INFO: Applicable driver not found; attempting to install with Selenium Manager (Beta)
06/15/2023 03:02:31 PM: INFO: ********Test_003_AddCustomer*******
06/15/2023 03:02:47 PM: INFO: ************ Login Succesfull************
06/15/2023 03:02:47 PM: INFO: ******************Starting Add Customer Test*************************
06/15/2023 03:02:47 PM: INFO: *************Providing Customer ***********************
06/15/2023 03:06:53 PM: INFO: Applicable driver not found; attempting to install with Selenium Manager (Beta)
06/15/2023 03:06:54 PM: INFO: ********Test_003_AddCustomer*******
06/15/2023 03:07:15 PM: INFO: ************ Login Succesfull************
06/15/2023 03:07:15 PM: INFO: ******************Starting Add Customer Test*************************
06/15/2023 03:07:15 PM: INFO: *************Providing Customer ***********************
06/15/2023 03:07:45 PM: INFO: Applicable driver not found; attempting to install with Selenium Manager (Beta)
06/15/2023 03:07:46 PM: INFO: ********Test_003_AddCustomer*******
06/15/2023 03:08:04 PM: INFO: ************ Login Succesfull************
06/15/2023 03:08:04 PM: INFO: ******************Starting Add Customer Test*************************
06/15/2023 03:08:04 PM: INFO: *************Providing Customer ***********************
06/15/2023 03:08:31 PM: INFO: Applicable driver not found; attempting to install with Selenium Manager (Beta)
06/15/2023 03:08:33 PM: INFO: ********Test_003_AddCustomer*******
06/15/2023 03:08:57 PM: INFO: ************ Login Succesfull************
06/15/2023 03:08:57 PM: INFO: ******************Starting Add Customer Test*************************
06/15/2023 03:08:57 PM: INFO: *************Providing Customer ***********************
06/15/2023 03:12:17 PM: INFO: Applicable driver not found; attempting to install with Selenium Manager (Beta)
06/15/2023 03:12:19 PM: INFO: ********Test_003_AddCustomer*******
06/15/2023 03:12:36 PM: INFO: ************ Login Succesfull************
06/15/2023 03:12:36 PM: INFO: ******************Starting Add Customer Test*************************
06/15/2023 03:12:36 PM: INFO: *************Providing Customer ***********************
06/15/2023 03:29:40 PM: INFO: Applicable driver not found; attempting to install with Selenium Manager (Beta)
06/15/2023 03:29:41 PM: INFO: ********Test_003_AddCustomer*******
06/15/2023 03:30:24 PM: INFO: Applicable driver not found; attempting to install with Selenium Manager (Beta)
06/15/2023 03:30:26 PM: INFO: ********Test_003_AddCustomer*******
06/15/2023 03:32:33 PM: INFO: ************ Login Successful ************
06/15/2023 03:32:33 PM: INFO: ******************Starting Add Customer Test*************************
06/15/2023 03:32:33 PM: INFO: *************Providing Customer ***********************
06/15/2023 03:35:45 PM: INFO: Applicable driver not found; attempting to install with Selenium Manager (Beta)
06/15/2023 03:35:47 PM: INFO: ********Test_003_AddCustomer*******
06/15/2023 03:36:03 PM: INFO: ************ Login Successful ************
06/15/2023 03:36:03 PM: INFO: ******************Starting Add Customer Test*************************
06/15/2023 03:36:03 PM: INFO: *************Providing Customer ***********************
06/15/2023 03:38:14 PM: INFO: Applicable driver not found; attempting to install with Selenium Manager (Beta)
06/15/2023 03:38:15 PM: INFO: ********Test_003_AddCustomer*******
06/15/2023 03:38:32 PM: INFO: ************ Login Successful ************
06/15/2023 03:38:32 PM: INFO: ******************Starting Add Customer Test*************************
06/15/2023 03:38:32 PM: INFO: *************Providing Customer ***********************
06/15/2023 03:41:25 PM: INFO: Applicable driver not found; attempting to install with Selenium Manager (Beta)
06/15/2023 03:41:27 PM: INFO: ********Test_003_AddCustomer*******
06/15/2023 03:41:43 PM: INFO: ************ Login Successful ************
06/15/2023 03:41:43 PM: INFO: ******************Starting Add Customer Test*************************
06/15/2023 03:41:43 PM: INFO: *************Providing Customer ***********************
06/15/2023 03:43:02 PM: INFO: Applicable driver not found; attempting to install with Selenium Manager (Beta)
06/15/2023 03:43:03 PM: INFO: ********Test_003_AddCustomer*******
06/15/2023 03:43:19 PM: INFO: ************ Login Successful ************
06/15/2023 03:43:19 PM: INFO: ******************Starting Add Customer Test*************************
06/15/2023 03:43:19 PM: INFO: *************Providing Customer ***********************
06/15/2023 03:45:58 PM: INFO: Applicable driver not found; attempting to install with Selenium Manager (Beta)
06/15/2023 03:45:59 PM: INFO: ********Test_003_AddCustomer*******
06/15/2023 03:46:16 PM: INFO: ************ Login Successful ************
06/15/2023 03:46:16 PM: INFO: ******************Starting Add Customer Test*************************
06/15/2023 03:46:16 PM: INFO: *************Providing Customer ***********************
06/15/2023 04:42:02 PM: INFO: Applicable driver not found; attempting to install with Selenium Manager (Beta)
06/15/2023 04:42:04 PM: INFO: ********Test_003_AddCustomer*******
06/15/2023 04:42:19 PM: INFO: ************ Login Successful ************
06/15/2023 04:42:19 PM: INFO: ******************Starting Add Customer Test*************************
06/15/2023 04:54:56 PM: INFO: Applicable driver not found; attempting to install with Selenium Manager (Beta)
06/15/2023 04:54:57 PM: INFO: ********Test_003_AddCustomer*******
06/15/2023 04:55:13 PM: INFO: ************ Login Successful ************
06/15/2023 04:55:13 PM: INFO: ******************Starting Add Customer Test*************************
06/15/2023 05:04:33 PM: INFO: Applicable driver not found; attempting to install with Selenium Manager (Beta)
06/15/2023 05:04:34 PM: INFO: ********Test_003_AddCustomer*******
06/15/2023 05:04:52 PM: INFO: ************ Login Successful ************
06/15/2023 05:04:52 PM: INFO: ******************Starting Add Customer Test*************************
06/15/2023 05:13:30 PM: INFO: Applicable driver not found; attempting to install with Selenium Manager (Beta)
06/15/2023 05:13:31 PM: INFO: ********Test_003_AddCustomer*******
06/15/2023 05:13:49 PM: INFO: ************ Login Successful ************
06/15/2023 05:13:49 PM: INFO: ******************Starting Add Customer Test*************************
06/15/2023 05:17:53 PM: INFO: Applicable driver not found; attempting to install with Selenium Manager (Beta)
06/15/2023 05:17:54 PM: INFO: ********Test_003_AddCustomer*******
06/15/2023 05:18:13 PM: INFO: ************ Login Successful ************
06/15/2023 05:18:13 PM: INFO: ******************Starting Add Customer Test*************************
06/15/2023 05:18:41 PM: INFO: Applicable driver not found; attempting to install with Selenium Manager (Beta)
06/15/2023 05:18:42 PM: INFO: ********Test_003_AddCustomer*******
06/15/2023 05:18:59 PM: INFO: ************ Login Successful ************
06/15/2023 05:18:59 PM: INFO: ******************Starting Add Customer Test*************************
06/15/2023 05:20:51 PM: INFO: Applicable driver not found; attempting to install with Selenium Manager (Beta)
06/15/2023 05:20:52 PM: INFO: ********Test_003_AddCustomer*******
06/15/2023 05:21:10 PM: INFO: ************ Login Successful ************
06/15/2023 05:21:10 PM: INFO: ******************Starting Add Customer Test*************************
06/15/2023 05:32:53 PM: INFO: Applicable driver not found; attempting to install with Selenium Manager (Beta)
06/15/2023 05:32:54 PM: INFO: ********Test_003_AddCustomer*******
06/15/2023 05:33:12 PM: INFO: ************ Login Successful ************
06/15/2023 05:33:12 PM: INFO: ******************Starting Add Customer Test*************************
06/15/2023 05:57:07 PM: INFO: Applicable driver not found; attempting to install with Selenium Manager (Beta)
06/15/2023 05:57:09 PM: INFO: ********Test_003_AddCustomer*******
06/15/2023 05:57:28 PM: INFO: ************ Login Successful ************
06/15/2023 05:57:28 PM: INFO: ******************Starting Add Customer Test*************************
06/15/2023 05:58:04 PM: INFO: Applicable driver not found; attempting to install with Selenium Manager (Beta)
06/15/2023 05:58:06 PM: INFO: ********Test_003_AddCustomer*******
06/15/2023 05:58:23 PM: INFO: ************ Login Successful ************
06/15/2023 05:58:23 PM: INFO: ******************Starting Add Customer Test*************************
06/15/2023 05:59:19 PM: INFO: Applicable driver not found; attempting to install with Selenium Manager (Beta)
06/15/2023 05:59:20 PM: INFO: ********Test_003_AddCustomer*******
06/15/2023 05:59:36 PM: INFO: ************ Login Successful ************
06/15/2023 05:59:36 PM: INFO: ******************Starting Add Customer Test*************************
06/15/2023 06:01:49 PM: INFO: Applicable driver not found; attempting to install with Selenium Manager (Beta)
06/15/2023 06:01:50 PM: INFO: ********Test_003_AddCustomer*******
06/15/2023 06:02:07 PM: INFO: ************ Login Successful ************
06/15/2023 06:02:07 PM: INFO: ******************Starting Add Customer Test*************************
06/15/2023 06:05:26 PM: INFO: Applicable driver not found; attempting to install with Selenium Manager (Beta)
06/15/2023 06:05:27 PM: INFO: ********Test_003_AddCustomer*******
06/15/2023 06:05:43 PM: INFO: ************ Login Successful ************
06/15/2023 06:05:43 PM: INFO: ******************Starting Add Customer Test*************************
06/15/2023 06:05:51 PM: INFO: *************Providing Customer ***********************
06/15/2023 07:07:47 PM: INFO: Applicable driver not found; attempting to install with Selenium Manager (Beta)
06/15/2023 07:07:48 PM: INFO: ********Test_003_AddCustomer*******
06/15/2023 07:08:06 PM: INFO: ************ Login Successful ************
06/15/2023 07:08:06 PM: INFO: ******************Starting Add Customer Test*************************
06/15/2023 07:08:08 PM: INFO: *************Providing Customer ***********************
06/16/2023 11:21:46 AM: INFO: Applicable driver not found; attempting to install with Selenium Manager (Beta)
06/16/2023 11:21:48 AM: INFO: ********Test_003_AddCustomer*******
06/16/2023 11:22:05 AM: INFO: ************ Login Successful ************
06/16/2023 11:22:05 AM: INFO: ******************Starting Add Customer Test*************************
06/16/2023 11:22:08 AM: INFO: *************Providing Customer ***********************
06/16/2023 11:25:23 AM: INFO: Applicable driver not found; attempting to install with Selenium Manager (Beta)
06/16/2023 11:25:24 AM: INFO: ********Test_003_AddCustomer*******
06/16/2023 11:25:41 AM: INFO: ************ Login Successful ************
06/16/2023 11:25:41 AM: INFO: ******************Starting Add Customer Test*************************
06/16/2023 11:25:44 AM: INFO: *************Providing Customer ***********************
06/16/2023 11:29:07 AM: INFO: Applicable driver not found; attempting to install with Selenium Manager (Beta)
06/16/2023 11:29:08 AM: INFO: ********Test_003_AddCustomer*******
06/16/2023 11:29:27 AM: INFO: ************ Login Successful ************
06/16/2023 11:29:27 AM: INFO: ******************Starting Add Customer Test*************************
06/16/2023 11:29:29 AM: INFO: *************Providing Customer ***********************
06/16/2023 11:41:35 AM: INFO: Applicable driver not found; attempting to install with Selenium Manager (Beta)
06/16/2023 11:41:36 AM: INFO: ********Test_003_AddCustomer*******
06/16/2023 11:41:55 AM: INFO: ************ Login Successful ************
06/16/2023 11:41:55 AM: INFO: ******************Starting Add Customer Test*************************
06/16/2023 11:41:58 AM: INFO: *************Providing Customer ***********************
06/16/2023 11:58:13 AM: INFO: Applicable driver not found; attempting to install with Selenium Manager (Beta)
06/16/2023 11:58:14 AM: INFO: ********Test_003_AddCustomer*******
06/16/2023 11:58:33 AM: INFO: ************ Login Successful ************
06/16/2023 11:58:33 AM: INFO: ******************Starting Add Customer Test*************************
06/16/2023 11:58:36 AM: INFO: *************Providing Customer ***********************
06/16/2023 12:01:39 PM: INFO: Applicable driver not found; attempting to install with Selenium Manager (Beta)
06/16/2023 12:01:41 PM: INFO: ********Test_003_AddCustomer*******
06/16/2023 12:02:00 PM: INFO: ************ Login Successful ************
06/16/2023 12:02:00 PM: INFO: ******************Starting Add Customer Test*************************
06/16/2023 12:02:03 PM: INFO: *************Providing Customer ***********************
06/16/2023 12:05:48 PM: INFO: Applicable driver not found; attempting to install with Selenium Manager (Beta)
06/16/2023 12:05:49 PM: INFO: ********Test_003_AddCustomer*******
06/16/2023 12:06:08 PM: INFO: ************ Login Successful ************
06/16/2023 12:06:08 PM: INFO: ******************Starting Add Customer Test*************************
06/16/2023 12:06:10 PM: INFO: *************Providing Customer ***********************
06/16/2023 12:10:05 PM: INFO: Applicable driver not found; attempting to install with Selenium Manager (Beta)
06/16/2023 12:10:06 PM: INFO: ********Test_003_AddCustomer*******
06/16/2023 12:10:22 PM: INFO: ************ Login Successful ************
06/16/2023 12:10:22 PM: INFO: ******************Starting Add Customer Test*************************
06/16/2023 12:10:25 PM: INFO: *************Providing Customer ***********************
06/16/2023 12:11:23 PM: INFO: Applicable driver not found; attempting to install with Selenium Manager (Beta)
06/16/2023 12:11:25 PM: INFO: ********Test_003_AddCustomer*******
06/16/2023 12:11:43 PM: INFO: ************ Login Successful ************
06/16/2023 12:11:43 PM: INFO: ******************Starting Add Customer Test*************************
06/16/2023 12:11:45 PM: INFO: *************Providing Customer ***********************
06/16/2023 12:13:42 PM: INFO: Applicable driver not found; attempting to install with Selenium Manager (Beta)
06/16/2023 12:13:43 PM: INFO: ********Test_003_AddCustomer*******
06/16/2023 12:14:02 PM: INFO: ************ Login Successful ************
06/16/2023 12:14:02 PM: INFO: ******************Starting Add Customer Test*************************
06/16/2023 12:14:05 PM: INFO: *************Providing Customer ***********************
06/16/2023 12:15:23 PM: INFO: Applicable driver not found; attempting to install with Selenium Manager (Beta)
06/16/2023 12:15:24 PM: INFO: ********Test_003_AddCustomer*******
06/16/2023 12:15:44 PM: INFO: ************ Login Successful ************
06/16/2023 12:15:44 PM: INFO: ******************Starting Add Customer Test*************************
06/16/2023 12:15:47 PM: INFO: *************Providing Customer ***********************
06/16/2023 12:16:33 PM: INFO: Applicable driver not found; attempting to install with Selenium Manager (Beta)
06/16/2023 12:16:35 PM: INFO: ********Test_003_AddCustomer*******
06/16/2023 12:16:51 PM: INFO: ************ Login Successful ************
06/16/2023 12:16:51 PM: INFO: ******************Starting Add Customer Test*************************
06/16/2023 12:16:54 PM: INFO: *************Providing Customer ***********************
06/16/2023 12:18:54 PM: INFO: Applicable driver not found; attempting to install with Selenium Manager (Beta)
06/16/2023 12:18:55 PM: INFO: ********Test_003_AddCustomer*******
06/16/2023 12:19:15 PM: INFO: ************ Login Successful ************
06/16/2023 12:19:15 PM: INFO: ******************Starting Add Customer Test*************************
06/16/2023 12:19:18 PM: INFO: *************Providing Customer ***********************
06/16/2023 12:30:05 PM: INFO: Applicable driver not found; attempting to install with Selenium Manager (Beta)
06/16/2023 12:30:07 PM: INFO: ********Test_003_AddCustomer*******
06/16/2023 12:30:26 PM: INFO: ************ Login Successful ************
06/16/2023 12:30:26 PM: INFO: ******************Starting Add Customer Test*************************
06/16/2023 12:30:28 PM: INFO: *************Providing Customer ***********************
06/16/2023 12:31:26 PM: INFO: Applicable driver not found; attempting to install with Selenium Manager (Beta)
06/16/2023 12:31:27 PM: INFO: ********Test_003_AddCustomer*******
06/16/2023 12:31:48 PM: INFO: ************ Login Successful ************
06/16/2023 12:31:48 PM: INFO: ******************Starting Add Customer Test*************************
06/16/2023 12:31:51 PM: INFO: *************Providing Customer ***********************
06/16/2023 12:32:35 PM: INFO: Applicable driver not found; attempting to install with Selenium Manager (Beta)
06/16/2023 12:32:37 PM: INFO: ********Test_003_AddCustomer*******
06/16/2023 12:32:56 PM: INFO: ************ Login Successful ************
06/16/2023 12:32:56 PM: INFO: ******************Starting Add Customer Test*************************
06/16/2023 12:32:59 PM: INFO: *************Providing Customer ***********************
06/16/2023 12:40:34 PM: INFO: Applicable driver not found; attempting to install with Selenium Manager (Beta)
06/16/2023 12:40:35 PM: INFO: ********Test_003_AddCustomer*******
06/16/2023 12:40:52 PM: INFO: ************ Login Successful ************
06/16/2023 12:40:52 PM: INFO: ******************Starting Add Customer Test*************************
06/16/2023 12:40:55 PM: INFO: *************Providing Customer ***********************
06/16/2023 12:47:42 PM: INFO: Applicable driver not found; attempting to install with Selenium Manager (Beta)
06/16/2023 12:47:43 PM: INFO: ********Test_003_AddCustomer*******
06/16/2023 12:48:03 PM: INFO: ************ Login Successful ************
06/16/2023 12:48:03 PM: INFO: ******************Starting Add Customer Test*************************
06/16/2023 12:48:06 PM: INFO: *************Providing Customer ***********************
06/16/2023 12:54:24 PM: INFO: ********Test_003_AddCustomer*******
06/16/2023 12:59:04 PM: INFO: ********Test_003_AddCustomer*******
06/16/2023 01:11:57 PM: INFO: ********Test_003_AddCustomer*******
06/16/2023 02:03:29 PM: INFO: ********Test_003_AddCustomer*******
06/16/2023 02:06:39 PM: INFO: ********Test_003_AddCustomer*******
06/16/2023 02:10:12 PM: INFO: ********Test_003_AddCustomer*******
06/16/2023 02:13:02 PM: INFO: ********Test_003_AddCustomer*******
06/16/2023 02:16:22 PM: INFO: ********Test_003_AddCustomer*******
06/16/2023 02:17:02 PM: INFO: ********Test_003_AddCustomer*******
06/16/2023 02:18:20 PM: INFO: Applicable driver not found; attempting to install with Selenium Manager (Beta)
06/16/2023 02:18:24 PM: INFO: ********Test_003_AddCustomer*******
06/16/2023 02:20:18 PM: INFO: ********Test_003_AddCustomer*******
06/16/2023 02:20:46 PM: INFO: ********Test_003_AddCustomer*******
06/16/2023 02:23:29 PM: INFO: Applicable driver not found; attempting to install with Selenium Manager (Beta)
06/16/2023 02:23:33 PM: INFO: ********Test_003_AddCustomer*******
06/16/2023 02:24:20 PM: INFO: Applicable driver not found; attempting to install with Selenium Manager (Beta)
06/16/2023 02:24:24 PM: INFO: ********Test_003_AddCustomer*******
06/16/2023 02:26:31 PM: INFO: Applicable driver not found; attempting to install with Selenium Manager (Beta)
06/16/2023 02:26:35 PM: INFO: ********Test_003_AddCustomer*******
06/16/2023 02:27:48 PM: INFO: Applicable driver not found; attempting to install with Selenium Manager (Beta)
06/16/2023 02:28:47 PM: INFO: Applicable driver not found; attempting to install with Selenium Manager (Beta)
06/16/2023 02:29:17 PM: INFO: ********Test_003_AddCustomer*******
06/16/2023 02:29:35 PM: INFO: ************ Login Successful ************
06/16/2023 02:29:35 PM: INFO: ******************Starting Add Customer Test*************************
06/16/2023 02:29:37 PM: INFO: *************Providing Customer ***********************
06/16/2023 02:30:47 PM: INFO: Applicable driver not found; attempting to install with Selenium Manager (Beta)
06/16/2023 02:30:51 PM: INFO: ********Test_003_AddCustomer*******
06/16/2023 02:36:12 PM: INFO: Applicable driver not found; attempting to install with Selenium Manager (Beta)
06/16/2023 02:36:14 PM: INFO: ********Test_003_AddCustomer*******
06/16/2023 02:38:38 PM: INFO: Applicable driver not found; attempting to install with Selenium Manager (Beta)
06/16/2023 02:38:42 PM: INFO: ********Test_003_AddCustomer*******
06/16/2023 03:24:56 PM: INFO: Applicable driver not found; attempting to install with Selenium Manager (Beta)
06/16/2023 03:24:59 PM: INFO: ********Test_003_AddCustomer*******
06/16/2023 03:26:36 PM: INFO: Applicable driver not found; attempting to install with Selenium Manager (Beta)
06/16/2023 03:26:38 PM: INFO: ********Test_003_AddCustomer*******
06/16/2023 03:26:56 PM: INFO: ************ Login Successful ************
06/16/2023 03:26:56 PM: INFO: ******************Starting Add Customer Test*************************
06/16/2023 03:26:59 PM: INFO: *************Providing Customer ***********************
06/16/2023 03:28:07 PM: INFO: Applicable driver not found; attempting to install with Selenium Manager (Beta)
06/16/2023 03:28:10 PM: INFO: ********Test_003_AddCustomer*******
06/16/2023 03:29:23 PM: INFO: Applicable driver not found; attempting to install with Selenium Manager (Beta)
06/16/2023 03:29:24 PM: INFO: ********Test_003_AddCustomer*******
06/16/2023 03:29:41 PM: INFO: ************ Login Successful ************
06/16/2023 03:29:41 PM: INFO: ******************Starting Add Customer Test*************************
06/16/2023 03:29:45 PM: INFO: *************Providing Customer ***********************
06/16/2023 03:31:47 PM: INFO: Applicable driver not found; attempting to install with Selenium Manager (Beta)
06/16/2023 03:31:48 PM: INFO: ********Test_003_AddCustomer*******
06/16/2023 03:32:12 PM: INFO: ************ Login Successful ************
06/16/2023 03:32:12 PM: INFO: ******************Starting Add Customer Test*************************
06/16/2023 03:32:16 PM: INFO: *************Providing Customer ***********************
06/16/2023 03:33:45 PM: INFO: Applicable driver not found; attempting to install with Selenium Manager (Beta)
06/16/2023 03:33:46 PM: INFO: ********Test_003_AddCustomer*******
06/16/2023 03:34:12 PM: INFO: ************ Login Successful ************
06/16/2023 03:34:12 PM: INFO: ******************Starting Add Customer Test*************************
06/16/2023 03:34:22 PM: INFO: *************Providing Customer ***********************
06/16/2023 04:08:06 PM: INFO: Applicable driver not found; attempting to install with Selenium Manager (Beta)
06/16/2023 04:08:08 PM: INFO: ********Test_003_AddCustomer*******
06/16/2023 04:08:25 PM: INFO: ************ Login Successful ************
06/16/2023 04:08:25 PM: INFO: ******************Starting Add Customer Test*************************
06/16/2023 04:08:27 PM: INFO: *************Providing Customer ***********************
06/16/2023 04:52:36 PM: INFO: Applicable driver not found; attempting to install with Selenium Manager (Beta)
06/16/2023 04:52:38 PM: INFO: ********Test_003_AddCustomer*******
06/16/2023 04:53:43 PM: INFO: Applicable driver not found; attempting to install with Selenium Manager (Beta)
06/16/2023 04:53:44 PM: INFO: ********Test_003_AddCustomer*******
06/16/2023 04:54:50 PM: INFO: Applicable driver not found; attempting to install with Selenium Manager (Beta)
06/16/2023 04:54:52 PM: INFO: ********Test_003_AddCustomer*******
06/16/2023 04:55:55 PM: INFO: Applicable driver not found; attempting to install with Selenium Manager (Beta)
06/16/2023 04:55:56 PM: INFO: ********Test_003_AddCustomer*******
06/16/2023 04:57:36 PM: INFO: ************ Login Successful ************
06/16/2023 04:57:36 PM: INFO: ******************Starting Add Customer Test*************************
06/16/2023 05:11:50 PM: INFO: Applicable driver not found; attempting to install with Selenium Manager (Beta)
06/16/2023 05:11:51 PM: INFO: ********Test_003_AddCustomer*******
06/16/2023 05:13:15 PM: INFO: Applicable driver not found; attempting to install with Selenium Manager (Beta)
06/16/2023 05:13:16 PM: INFO: ********Test_003_AddCustomer*******
06/16/2023 05:17:52 PM: INFO: ************ Login Successful ************
06/16/2023 05:17:52 PM: INFO: ******************Starting Add Customer Test*************************
06/16/2023 05:19:50 PM: INFO: Applicable driver not found; attempting to install with Selenium Manager (Beta)
06/16/2023 05:19:52 PM: INFO: ********Test_003_AddCustomer*******
06/16/2023 05:21:11 PM: INFO: Applicable driver not found; attempting to install with Selenium Manager (Beta)
06/16/2023 05:21:12 PM: INFO: ********Test_003_AddCustomer*******
06/16/2023 05:23:14 PM: INFO: ************ Login Successful ************
06/16/2023 05:23:14 PM: INFO: ******************Starting Add Customer Test*************************
06/16/2023 05:23:47 PM: INFO: Applicable driver not found; attempting to install with Selenium Manager (Beta)
06/16/2023 05:23:49 PM: INFO: ********Test_003_AddCustomer*******
06/16/2023 06:18:15 PM: INFO: Applicable driver not found; attempting to install with Selenium Manager (Beta)
06/16/2023 06:18:16 PM: INFO: ********Test_003_AddCustomer*******
06/16/2023 06:20:43 PM: INFO: ************ Login Successful ************
06/16/2023 06:20:43 PM: INFO: ******************Starting Add Customer Test*************************
06/16/2023 06:47:32 PM: INFO: Applicable driver not found; attempting to install with Selenium Manager (Beta)
06/16/2023 06:47:34 PM: INFO: ********Test_003_AddCustomer*******
06/16/2023 06:47:50 PM: INFO: ************ Login Successful ************
06/16/2023 06:47:50 PM: INFO: ******************Starting Add Customer Test*************************
06/16/2023 06:47:53 PM: INFO: *************Providing Customer ***********************
06/16/2023 07:07:37 PM: INFO: Applicable driver not found; attempting to install with Selenium Manager (Beta)
06/16/2023 07:07:38 PM: INFO: ********Test_003_AddCustomer*******
06/16/2023 07:07:55 PM: INFO: ************ Login Successful ************
06/16/2023 07:07:55 PM: INFO: ******************Starting Add Customer Test*************************
06/16/2023 07:07:58 PM: INFO: *************Providing Customer ***********************
06/16/2023 07:08:59 PM: INFO: Applicable driver not found; attempting to install with Selenium Manager (Beta)
06/16/2023 07:09:00 PM: INFO: ********Test_003_AddCustomer*******
06/16/2023 07:09:22 PM: INFO: ************ Login Successful ************
06/16/2023 07:09:22 PM: INFO: ******************Starting Add Customer Test*************************
06/16/2023 07:09:25 PM: INFO: *************Providing Customer ***********************
06/16/2023 07:12:02 PM: INFO: Applicable driver not found; attempting to install with Selenium Manager (Beta)
06/16/2023 07:12:03 PM: INFO: ********Test_003_AddCustomer*******
06/16/2023 07:12:24 PM: INFO: ************ Login Successful ************
06/16/2023 07:12:24 PM: INFO: ******************Starting Add Customer Test*************************
06/16/2023 07:12:28 PM: INFO: *************Providing Customer ***********************
06/16/2023 07:13:24 PM: INFO: Applicable driver not found; attempting to install with Selenium Manager (Beta)
06/16/2023 07:13:25 PM: INFO: ********Test_003_AddCustomer*******
06/16/2023 07:13:43 PM: INFO: ************ Login Successful ************
06/16/2023 07:13:43 PM: INFO: ******************Starting Add Customer Test*************************
06/16/2023 07:13:45 PM: INFO: *************Providing Customer ***********************
06/16/2023 07:16:24 PM: INFO: Applicable driver not found; attempting to install with Selenium Manager (Beta)
06/16/2023 07:16:25 PM: INFO: ********Test_003_AddCustomer*******
06/16/2023 07:16:43 PM: INFO: ************ Login Successful ************
06/16/2023 07:16:43 PM: INFO: ******************Starting Add Customer Test*************************
06/16/2023 07:16:45 PM: INFO: *************Providing Customer ***********************
06/16/2023 07:17:20 PM: INFO: Applicable driver not found; attempting to install with Selenium Manager (Beta)
06/16/2023 07:17:22 PM: INFO: ********Test_003_AddCustomer*******
06/16/2023 07:17:37 PM: INFO: ************ Login Successful ************
06/16/2023 07:17:37 PM: INFO: ******************Starting Add Customer Test*************************
06/16/2023 07:17:40 PM: INFO: *************Providing Customer ***********************
06/16/2023 07:18:31 PM: INFO: Applicable driver not found; attempting to install with Selenium Manager (Beta)
06/16/2023 07:18:32 PM: INFO: ********Test_003_AddCustomer*******
06/16/2023 07:18:52 PM: INFO: ************ Login Successful ************
06/16/2023 07:18:52 PM: INFO: ******************Starting Add Customer Test*************************
06/16/2023 07:18:55 PM: INFO: *************Providing Customer ***********************
06/16/2023 07:21:31 PM: INFO: Applicable driver not found; attempting to install with Selenium Manager (Beta)
06/16/2023 07:21:32 PM: INFO: ********Test_003_AddCustomer*******
06/16/2023 07:21:49 PM: INFO: ************ Login Successful ************
06/16/2023 07:21:49 PM: INFO: ******************Starting Add Customer Test*************************
06/16/2023 07:21:52 PM: INFO: *************Providing Customer ***********************
06/16/2023 07:22:58 PM: INFO: Applicable driver not found; attempting to install with Selenium Manager (Beta)
06/16/2023 07:22:59 PM: INFO: ********Test_003_AddCustomer*******
06/16/2023 07:23:16 PM: INFO: ************ Login Successful ************
06/16/2023 07:23:16 PM: INFO: ******************Starting Add Customer Test*************************
06/16/2023 07:23:19 PM: INFO: *************Providing Customer ***********************
06/16/2023 07:24:14 PM: INFO: Applicable driver not found; attempting to install with Selenium Manager (Beta)
06/16/2023 07:24:15 PM: INFO: ********Test_003_AddCustomer*******
06/16/2023 07:24:34 PM: INFO: ************ Login Successful ************
06/16/2023 07:24:34 PM: INFO: ******************Starting Add Customer Test*************************
06/16/2023 07:24:36 PM: INFO: *************Providing Customer ***********************
06/16/2023 07:26:17 PM: INFO: Applicable driver not found; attempting to install with Selenium Manager (Beta)
06/16/2023 07:26:18 PM: INFO: ********Test_003_AddCustomer*******
06/16/2023 07:26:36 PM: INFO: ************ Login Successful ************
06/16/2023 07:26:36 PM: INFO: ******************Starting Add Customer Test*************************
06/16/2023 07:26:39 PM: INFO: *************Providing Customer ***********************
06/16/2023 07:30:11 PM: INFO: Applicable driver not found; attempting to install with Selenium Manager (Beta)
06/16/2023 07:30:13 PM: INFO: ********Test_003_AddCustomer*******
06/16/2023 07:30:30 PM: INFO: ************ Login Successful ************
06/16/2023 07:30:30 PM: INFO: ******************Starting Add Customer Test*************************
06/16/2023 07:30:33 PM: INFO: *************Providing Customer ***********************
06/16/2023 07:32:17 PM: INFO: Applicable driver not found; attempting to install with Selenium Manager (Beta)
06/16/2023 07:32:18 PM: INFO: ********Test_003_AddCustomer*******
06/16/2023 07:32:36 PM: INFO: ************ Login Successful ************
06/16/2023 07:32:36 PM: INFO: ******************Starting Add Customer Test*************************
06/16/2023 07:32:39 PM: INFO: *************Providing Customer ***********************
06/16/2023 07:38:07 PM: INFO: Applicable driver not found; attempting to install with Selenium Manager (Beta)
06/16/2023 07:38:08 PM: INFO: ********Test_003_AddCustomer*******
06/16/2023 07:38:27 PM: INFO: ************ Login Successful ************
06/16/2023 07:38:27 PM: INFO: ******************Starting Add Customer Test*************************
06/16/2023 07:38:30 PM: INFO: *************Providing Customer ***********************
06/16/2023 07:40:34 PM: INFO: Applicable driver not found; attempting to install with Selenium Manager (Beta)
06/16/2023 07:40:36 PM: INFO: ********Test_003_AddCustomer*******
06/16/2023 07:40:53 PM: INFO: ************ Login Successful ************
06/16/2023 07:40:53 PM: INFO: ******************Starting Add Customer Test*************************
06/16/2023 07:40:56 PM: INFO: *************Providing Customer ***********************
06/16/2023 07:43:07 PM: INFO: Applicable driver not found; attempting to install with Selenium Manager (Beta)
06/16/2023 07:43:08 PM: INFO: ********Test_003_AddCustomer*******
06/16/2023 07:43:29 PM: INFO: ************ Login Successful ************
06/16/2023 07:43:29 PM: INFO: ******************Starting Add Customer Test*************************
06/16/2023 07:43:32 PM: INFO: *************Providing Customer ***********************
06/16/2023 07:46:33 PM: INFO: Applicable driver not found; attempting to install with Selenium Manager (Beta)
06/16/2023 07:46:35 PM: INFO: ********Test_003_AddCustomer*******
06/16/2023 07:46:53 PM: INFO: ************ Login Successful ************
06/16/2023 07:46:53 PM: INFO: ******************Starting Add Customer Test*************************
06/16/2023 07:46:55 PM: INFO: *************Providing Customer ***********************
06/17/2023 05:05:54 PM: INFO: Applicable driver not found; attempting to install with Selenium Manager (Beta)
06/17/2023 05:05:57 PM: INFO: ********Test_003_AddCustomer*******
06/17/2023 05:06:14 PM: INFO: ************ Login Successful ************
06/17/2023 05:06:14 PM: INFO: ******************Starting Add Customer Test*************************
06/17/2023 05:06:23 PM: INFO: *************Providing Customer ***********************
06/17/2023 05:12:35 PM: INFO: Applicable driver not found; attempting to install with Selenium Manager (Beta)
06/17/2023 05:12:36 PM: INFO: ********Test_003_AddCustomer*******
06/17/2023 05:12:52 PM: INFO: ************ Login Successful ************
06/17/2023 05:12:52 PM: INFO: ******************Starting Add Customer Test*************************
06/17/2023 05:12:59 PM: INFO: *************Providing Customer ***********************
06/17/2023 05:21:30 PM: INFO: Applicable driver not found; attempting to install with Selenium Manager (Beta)
06/17/2023 05:21:32 PM: INFO: ********Test_003_AddCustomer*******
06/17/2023 05:21:48 PM: INFO: ************ Login Successful ************
06/17/2023 05:21:48 PM: INFO: ******************Starting Add Customer Test*************************
06/17/2023 05:21:53 PM: INFO: *************Providing Customer ***********************
06/17/2023 05:24:42 PM: INFO: Applicable driver not found; attempting to install with Selenium Manager (Beta)
06/17/2023 05:24:43 PM: INFO: ********Test_003_AddCustomer*******
06/17/2023 05:25:01 PM: INFO: ************ Login Successful ************
06/17/2023 05:25:01 PM: INFO: ******************Starting Add Customer Test*************************
06/17/2023 05:25:08 PM: INFO: *************Providing Customer ***********************
06/17/2023 05:26:21 PM: INFO: Applicable driver not found; attempting to install with Selenium Manager (Beta)
06/17/2023 05:26:22 PM: INFO: ********Test_003_AddCustomer*******
06/17/2023 05:26:38 PM: INFO: ************ Login Successful ************
06/17/2023 05:26:38 PM: INFO: ******************Starting Add Customer Test*************************
06/17/2023 05:26:45 PM: INFO: *************Providing Customer ***********************
06/17/2023 05:34:38 PM: INFO: Applicable driver not found; attempting to install with Selenium Manager (Beta)
06/17/2023 05:34:39 PM: INFO: ********Test_003_AddCustomer*******
06/17/2023 05:34:57 PM: INFO: ************ Login Successful ************
06/17/2023 05:34:57 PM: INFO: ******************Starting Add Customer Test*************************
06/17/2023 05:35:03 PM: INFO: *************Providing Customer ***********************
06/17/2023 06:34:00 PM: INFO: Applicable driver not found; attempting to install with Selenium Manager (Beta)
06/17/2023 06:34:01 PM: INFO: ********Test_003_AddCustomer*******
06/17/2023 07:09:14 PM: INFO: Applicable driver not found; attempting to install with Selenium Manager (Beta)
06/17/2023 07:09:16 PM: INFO: ********Test_003_AddCustomer*******
06/17/2023 07:09:34 PM: INFO: ************ Login Successful ************
06/17/2023 07:09:34 PM: INFO: ******************Starting Add Customer Test*************************
06/17/2023 07:09:40 PM: INFO: *************Providing Customer ***********************
06/17/2023 07:18:30 PM: INFO: Applicable driver not found; attempting to install with Selenium Manager (Beta)
06/17/2023 07:18:31 PM: INFO: ********Test_003_AddCustomer*******
06/17/2023 07:18:47 PM: INFO: ************ Login Successful ************
06/17/2023 07:18:47 PM: INFO: ******************Starting Add Customer Test*************************
06/17/2023 07:18:54 PM: INFO: *************Providing Customer ***********************
06/17/2023 07:24:46 PM: INFO: Applicable driver not found; attempting to install with Selenium Manager (Beta)
06/17/2023 07:24:48 PM: INFO: ********Test_003_AddCustomer*******
06/17/2023 07:25:06 PM: INFO: ************ Login Successful ************
06/17/2023 07:25:06 PM: INFO: ******************Starting Add Customer Test*************************
06/17/2023 07:25:14 PM: INFO: *************Providing Customer ***********************
06/17/2023 07:26:54 PM: INFO: Applicable driver not found; attempting to install with Selenium Manager (Beta)
06/17/2023 07:26:55 PM: INFO: ********Test_003_AddCustomer*******
06/17/2023 07:27:13 PM: INFO: ************ Login Successful ************
06/17/2023 07:27:13 PM: INFO: ******************Starting Add Customer Test*************************
06/17/2023 07:27:19 PM: INFO: *************Providing Customer ***********************
06/17/2023 07:29:14 PM: INFO: Applicable driver not found; attempting to install with Selenium Manager (Beta)
06/17/2023 07:29:16 PM: INFO: ********Test_003_AddCustomer*******
06/17/2023 07:29:36 PM: INFO: ************ Login Successful ************
06/17/2023 07:29:36 PM: INFO: ******************Starting Add Customer Test*************************
06/17/2023 07:29:42 PM: INFO: *************Providing Customer ***********************
06/17/2023 07:32:44 PM: INFO: Applicable driver not found; attempting to install with Selenium Manager (Beta)
06/17/2023 07:32:45 PM: INFO: ********Test_003_AddCustomer*******
06/17/2023 07:33:03 PM: INFO: ************ Login Successful ************
06/17/2023 07:33:03 PM: INFO: ******************Starting Add Customer Test*************************
06/17/2023 07:33:09 PM: INFO: *************Providing Customer ***********************
06/17/2023 07:35:29 PM: INFO: Applicable driver not found; attempting to install with Selenium Manager (Beta)
06/17/2023 07:35:30 PM: INFO: ********Test_003_AddCustomer*******
06/17/2023 07:35:47 PM: INFO: ************ Login Successful ************
06/17/2023 07:35:47 PM: INFO: ******************Starting Add Customer Test*************************
06/17/2023 07:35:50 PM: INFO: *************Providing Customer ***********************
06/17/2023 07:36:33 PM: INFO: ***********Saving customer info************
06/17/2023 07:36:33 PM: INFO: **************Add Customer validation started ********************************
06/17/2023 07:36:33 PM: ERROR: ***********Add customer Test Failed*******************************
06/17/2023 07:38:24 PM: INFO: Applicable driver not found; attempting to install with Selenium Manager (Beta)
06/17/2023 07:38:25 PM: INFO: ********Test_003_AddCustomer*******
06/17/2023 07:38:42 PM: INFO: ************ Login Successful ************
06/17/2023 07:38:42 PM: INFO: ******************Starting Add Customer Test*************************
06/17/2023 07:38:49 PM: INFO: *************Providing Customer ***********************
06/17/2023 07:40:37 PM: INFO: Applicable driver not found; attempting to install with Selenium Manager (Beta)
06/17/2023 07:40:39 PM: INFO: ********Test_003_AddCustomer*******
06/17/2023 07:40:57 PM: INFO: ************ Login Successful ************
06/17/2023 07:40:57 PM: INFO: ******************Starting Add Customer Test*************************
06/17/2023 07:41:01 PM: INFO: *************Providing Customer ***********************
06/17/2023 08:23:42 PM: INFO: Applicable driver not found; attempting to install with Selenium Manager (Beta)
06/17/2023 08:23:43 PM: INFO: ********Test_003_AddCustomer*******
06/17/2023 08:24:04 PM: INFO: ************ Login Successful ************
06/17/2023 08:24:04 PM: INFO: ******************Starting Add Customer Test*************************
06/17/2023 08:24:10 PM: INFO: *************Providing Customer ***********************
06/17/2023 08:25:14 PM: INFO: ***********Saving customer info************
06/17/2023 08:25:14 PM: INFO: **************Add Customer validation started ********************************
06/17/2023 08:25:14 PM: INFO: ************ Add customer Test Passed ***************
06/17/2023 08:25:14 PM: INFO: *********** Ending Home Page Title Test ********************
06/17/2023 08:31:28 PM: INFO: Applicable driver not found; attempting to install with Selenium Manager (Beta)
06/17/2023 08:31:29 PM: INFO: ********Test_003_AddCustomer*******
06/17/2023 08:31:46 PM: INFO: ************ Login Successful ************
06/17/2023 08:31:46 PM: INFO: ******************Starting Add Customer Test*************************
06/17/2023 08:31:48 PM: INFO: *************Providing Customer ***********************
06/17/2023 08:33:12 PM: INFO: Applicable driver not found; attempting to install with Selenium Manager (Beta)
06/17/2023 08:33:13 PM: INFO: ********Test_003_AddCustomer*******
06/17/2023 08:33:30 PM: INFO: ************ Login Successful ************
06/17/2023 08:33:30 PM: INFO: ******************Starting Add Customer Test*************************
06/17/2023 08:33:37 PM: INFO: *************Providing Customer ***********************
06/18/2023 11:56:35 AM: INFO: Applicable driver not found; attempting to install with Selenium Manager (Beta)
06/18/2023 11:56:36 AM: INFO: =================SearchCustomerByEmail_004=========================
06/18/2023 11:56:53 AM: INFO: ************ Login Successful ************
06/18/2023 11:56:53 AM: INFO: ==================Starting Search Customer By Email==========================
06/18/2023 11:56:56 AM: INFO: ====================searching customer by emailid======================================
06/18/2023 12:02:08 PM: INFO: Applicable driver not found; attempting to install with Selenium Manager (Beta)
06/18/2023 12:02:09 PM: INFO: =================SearchCustomerByEmail_004=========================
06/18/2023 12:02:26 PM: INFO: ************ Login Successful ************
06/18/2023 12:02:26 PM: INFO: ==================Starting Search Customer By Email==========================
06/18/2023 12:02:28 PM: INFO: ====================searching customer by emailid======================================
06/18/2023 12:03:53 PM: INFO: Applicable driver not found; attempting to install with Selenium Manager (Beta)
06/18/2023 12:03:55 PM: INFO: =================SearchCustomerByEmail_004=========================
06/18/2023 12:04:12 PM: INFO: ************ Login Successful ************
06/18/2023 12:04:12 PM: INFO: ==================Starting Search Customer By Email==========================
06/18/2023 12:04:13 PM: INFO: ====================searching customer by emailid======================================
06/18/2023 12:06:37 PM: INFO: Applicable driver not found; attempting to install with Selenium Manager (Beta)
06/18/2023 12:06:38 PM: INFO: =================SearchCustomerByEmail_004=========================
06/18/2023 12:06:55 PM: INFO: ************ Login Successful ************
06/18/2023 12:06:55 PM: INFO: ==================Starting Search Customer By Email==========================
06/18/2023 12:06:57 PM: INFO: ====================searching customer by emailid======================================
06/18/2023 12:27:57 PM: INFO: Applicable driver not found; attempting to install with Selenium Manager (Beta)
06/18/2023 12:27:59 PM: INFO: =================SearchCustomerByEmail_004=========================
06/18/2023 12:28:16 PM: INFO: ************ Login Successful ************
06/18/2023 12:28:16 PM: INFO: ==================Starting Search Customer By Email==========================
06/18/2023 12:28:17 PM: INFO: ====================searching customer by emailid======================================
06/18/2023 12:32:25 PM: INFO: Applicable driver not found; attempting to install with Selenium Manager (Beta)
06/18/2023 12:32:26 PM: INFO: =================SearchCustomerByEmail_004=========================
06/18/2023 12:32:43 PM: INFO: ************ Login Successful ************
06/18/2023 12:32:43 PM: INFO: ==================Starting Search Customer By Email==========================
06/18/2023 12:32:44 PM: INFO: ====================searching customer by emailid======================================
06/18/2023 12:40:26 PM: INFO: Applicable driver not found; attempting to install with Selenium Manager (Beta)
06/18/2023 12:40:27 PM: INFO: =================SearchCustomerByEmail_004=========================
06/18/2023 12:40:43 PM: INFO: ************ Login Successful ************
06/18/2023 12:40:43 PM: INFO: ==================Starting Search Customer By Email==========================
06/18/2023 12:40:46 PM: INFO: ====================searching customer by emailid======================================
06/18/2023 12:43:25 PM: INFO: Applicable driver not found; attempting to install with Selenium Manager (Beta)
06/18/2023 12:43:27 PM: INFO: =================SearchCustomerByEmail_004=========================
06/18/2023 12:43:44 PM: INFO: ************ Login Successful ************
06/18/2023 12:43:44 PM: INFO: ==================Starting Search Customer By Email==========================
06/18/2023 12:43:46 PM: INFO: ====================searching customer by emailid======================================
06/18/2023 01:05:02 PM: INFO: Applicable driver not found; attempting to install with Selenium Manager (Beta)
06/18/2023 01:05:03 PM: INFO: =================SearchCustomerByName_005=========================
06/18/2023 01:05:20 PM: INFO: ************ Login Successful ************
06/18/2023 01:05:20 PM: INFO: ==================Starting Search Customer By Name==========================
06/18/2023 01:05:24 PM: INFO: ====================searching customer by emailid======================================
06/18/2023 01:10:01 PM: INFO: Applicable driver not found; attempting to install with Selenium Manager (Beta)
06/18/2023 01:10:03 PM: INFO: =================SearchCustomerByName_005=========================
06/18/2023 01:10:20 PM: INFO: ************ Login Successful ************
06/18/2023 01:10:20 PM: INFO: ==================Starting Search Customer By Name==========================
06/18/2023 01:10:23 PM: INFO: ====================searching customer by emailid======================================
06/18/2023 01:12:46 PM: INFO: Applicable driver not found; attempting to install with Selenium Manager (Beta)
06/18/2023 01:12:47 PM: INFO: =================SearchCustomerByName_005=========================
06/18/2023 01:13:03 PM: INFO: ************ Login Successful ************
06/18/2023 01:13:03 PM: INFO: ==================Starting Search Customer By Name==========================
06/18/2023 01:13:05 PM: INFO: ====================searching customer by emailid======================================
06/18/2023 05:12:37 PM: INFO: Applicable driver not found; attempting to install with Selenium Manager (Beta)
06/18/2023 05:12:39 PM: INFO: ********Test_003_AddCustomer*******
06/18/2023 05:12:58 PM: INFO: ************ Login Successful ************
06/18/2023 05:12:58 PM: INFO: ******************Starting Add Customer Test*************************
06/18/2023 05:13:02 PM: INFO: *************Providing Customer ***********************
06/18/2023 05:13:29 PM: INFO: Applicable driver not found; attempting to install with Selenium Manager (Beta)
06/18/2023 05:13:30 PM: INFO: **************** verifying Login test *********************
06/18/2023 05:13:46 PM: INFO: ****************Test case is passed *********************
06/18/2023 05:15:46 PM: INFO: Applicable driver not found; attempting to install with Selenium Manager (Beta)
06/18/2023 05:15:48 PM: INFO: ********Test_003_AddCustomer*******
06/18/2023 05:16:06 PM: INFO: ************ Login Successful ************
06/18/2023 05:16:06 PM: INFO: ******************Starting Add Customer Test*************************
06/18/2023 05:16:10 PM: INFO: *************Providing Customer ***********************
06/18/2023 05:17:06 PM: INFO: ***********Saving customer info************
06/18/2023 05:17:06 PM: INFO: **************Add Customer validation started ********************************
06/18/2023 05:17:07 PM: ERROR: ***********Add customer Test Failed*******************************
06/18/2023 05:17:07 PM: INFO: Applicable driver not found; attempting to install with Selenium Manager (Beta)
06/18/2023 05:17:08 PM: INFO: **************** verifying Login test *********************
06/18/2023 05:17:25 PM: INFO: ****************Test case is passed *********************
06/18/2023 05:20:39 PM: INFO: Applicable driver not found; attempting to install with Selenium Manager (Beta)
06/18/2023 05:20:41 PM: INFO: ********Test_003_AddCustomer*******
06/18/2023 05:20:59 PM: INFO: ************ Login Successful ************
06/18/2023 05:20:59 PM: INFO: ******************Starting Add Customer Test*************************
06/18/2023 05:21:06 PM: INFO: *************Providing Customer ***********************
06/18/2023 05:21:32 PM: INFO: Applicable driver not found; attempting to install with Selenium Manager (Beta)
06/18/2023 05:21:34 PM: INFO: **************** verifying Login test *********************
06/18/2023 05:21:51 PM: INFO: ****************Test case is passed *********************
06/18/2023 05:24:30 PM: INFO: Applicable driver not found; attempting to install with Selenium Manager (Beta)
06/18/2023 05:24:32 PM: INFO: ********Test_003_AddCustomer*******
06/18/2023 05:24:50 PM: INFO: ************ Login Successful ************
06/18/2023 05:24:50 PM: INFO: ******************Starting Add Customer Test*************************
06/18/2023 05:24:58 PM: INFO: *************Providing Customer ***********************
06/18/2023 05:25:53 PM: INFO: ***********Saving customer info************
06/18/2023 05:25:53 PM: INFO: **************Add Customer validation started ********************************
06/18/2023 05:25:54 PM: ERROR: ***********Add customer Test Failed*******************************
06/18/2023 05:25:54 PM: INFO: Applicable driver not found; attempting to install with Selenium Manager (Beta)
06/18/2023 05:25:55 PM: INFO: **************** verifying Login test *********************
06/18/2023 05:26:12 PM: INFO: ****************Test case is passed *********************
06/18/2023 05:40:13 PM: INFO: Applicable driver not found; attempting to install with Selenium Manager (Beta)
06/18/2023 05:40:14 PM: INFO: ********Test_003_AddCustomer*******
06/18/2023 05:40:32 PM: INFO: ************ Login Successful ************
06/18/2023 05:40:32 PM: INFO: ******************Starting Add Customer Test*************************
06/18/2023 05:40:40 PM: INFO: *************Providing Customer ***********************
06/18/2023 05:41:35 PM: INFO: ***********Saving customer info************
06/18/2023 05:41:35 PM: INFO: **************Add Customer validation started ********************************
06/18/2023 05:41:36 PM: ERROR: ***********Add customer Test Failed*******************************
06/18/2023 05:41:36 PM: INFO: Applicable driver not found; attempting to install with Selenium Manager (Beta)
06/18/2023 05:41:37 PM: INFO: **************** verifying Login test *********************
06/18/2023 05:41:54 PM: INFO: ****************Test case is passed *********************
06/19/2023 12:21:14 AM: INFO: Applicable driver not found; attempting to install with Selenium Manager (Beta)
06/19/2023 12:21:16 AM: INFO: **************** verifying Login test *********************
06/19/2023 12:21:32 AM: INFO: ****************Test case is passed *********************
06/19/2023 12:23:33 AM: INFO: Applicable driver not found; attempting to install with Selenium Manager (Beta)
06/19/2023 12:23:35 AM: INFO: ********Test_003_AddCustomer*******
06/19/2023 12:23:52 AM: INFO: ************ Login Successful ************
06/19/2023 12:23:52 AM: INFO: ******************Starting Add Customer Test*************************
06/19/2023 12:23:55 AM: INFO: *************Providing Customer ***********************
06/19/2023 12:24:51 AM: INFO: ***********Saving customer info************
06/19/2023 12:24:51 AM: INFO: **************Add Customer validation started ********************************
06/19/2023 12:24:51 AM: ERROR: ***********Add customer Test Failed*******************************
06/19/2023 12:24:51 AM: INFO: Applicable driver not found; attempting to install with Selenium Manager (Beta)
06/19/2023 12:24:53 AM: INFO: **************** verifying Login test *********************
06/19/2023 12:25:09 AM: INFO: ****************Test case is passed *********************
06/19/2023 10:58:41 AM: INFO: Applicable driver not found; attempting to install with Selenium Manager (Beta)
06/19/2023 10:58:43 AM: INFO: ********Test_003_AddCustomer*******
06/19/2023 10:59:01 AM: INFO: ************ Login Successful ************
06/19/2023 10:59:01 AM: INFO: ******************Starting Add Customer Test*************************
06/19/2023 10:59:03 AM: INFO: *************Providing Customer ***********************
06/19/2023 10:59:31 AM: INFO: Applicable driver not found; attempting to install with Selenium Manager (Beta)
06/19/2023 10:59:32 AM: INFO: **************** verifying Login test *********************
06/19/2023 10:59:49 AM: INFO: ****************Test case is passed *********************
06/19/2023 01:08:24 PM: INFO: Applicable driver not found; attempting to install with Selenium Manager (Beta)
06/19/2023 01:08:26 PM: INFO: ********Test_003_AddCustomer*******
06/19/2023 01:08:46 PM: INFO: ************ Login Successful ************
06/19/2023 01:08:46 PM: INFO: ******************Starting Add Customer Test*************************
06/19/2023 01:08:49 PM: INFO: *************Providing Customer ***********************
06/19/2023 01:09:21 PM: INFO: Applicable driver not found; attempting to install with Selenium Manager (Beta)
06/19/2023 01:09:23 PM: INFO: **************** verifying Login test *********************
06/19/2023 01:09:41 PM: INFO: ****************Test case is passed *********************
06/19/2023 01:18:55 PM: INFO: Applicable driver not found; attempting to install with Selenium Manager (Beta)
06/19/2023 01:18:57 PM: INFO: ********Test_003_AddCustomer*******
06/19/2023 01:19:13 PM: INFO: ************ Login Successful ************
06/19/2023 01:19:13 PM: INFO: ******************Starting Add Customer Test*************************
06/19/2023 01:19:16 PM: INFO: *************Providing Customer ***********************
06/19/2023 01:19:32 PM: INFO: Applicable driver not found; attempting to install with Selenium Manager (Beta)
06/19/2023 01:19:34 PM: INFO: **************** verifying Login test *********************
06/19/2023 01:19:51 PM: INFO: ****************Test case is passed *********************
06/19/2023 01:24:38 PM: INFO: Applicable driver not found; attempting to install with Selenium Manager (Beta)
06/19/2023 01:24:40 PM: INFO: ********Test_003_AddCustomer*******
06/19/2023 01:24:57 PM: INFO: ************ Login Successful ************
06/19/2023 01:24:57 PM: INFO: ******************Starting Add Customer Test*************************
06/19/2023 01:25:01 PM: INFO: *************Providing Customer ***********************
06/19/2023 01:25:20 PM: INFO: Applicable driver not found; attempting to install with Selenium Manager (Beta)
06/19/2023 01:25:21 PM: INFO: **************** verifying Login test *********************
06/19/2023 01:25:59 PM: INFO: Applicable driver not found; attempting to install with Selenium Manager (Beta)
06/19/2023 01:26:01 PM: INFO: ********Test_003_AddCustomer*******
06/19/2023 01:26:22 PM: INFO: ************ Login Successful ************
06/19/2023 01:26:22 PM: INFO: ******************Starting Add Customer Test*************************
06/19/2023 01:26:25 PM: INFO: *************Providing Customer ***********************
06/19/2023 01:26:54 PM: INFO: Applicable driver not found; attempting to install with Selenium Manager (Beta)
06/19/2023 01:26:55 PM: INFO: **************** verifying Login test *********************
06/19/2023 01:27:14 PM: INFO: ****************Test case is passed *********************
06/19/2023 01:37:34 PM: INFO: Applicable driver not found; attempting to install with Selenium Manager (Beta)
06/19/2023 01:37:35 PM: INFO: ********Test_003_AddCustomer*******
06/19/2023 01:37:54 PM: INFO: ************ Login Successful ************
06/19/2023 01:37:54 PM: INFO: ******************Starting Add Customer Test*************************
06/19/2023 01:37:56 PM: INFO: *************Providing Customer ***********************
06/19/2023 01:38:25 PM: INFO: Applicable driver not found; attempting to install with Selenium Manager (Beta)
06/19/2023 01:38:26 PM: INFO: **************** verifying Login test *********************
06/19/2023 01:38:45 PM: INFO: ****************Test case is passed *********************
06/19/2023 01:40:37 PM: INFO: Applicable driver not found; attempting to install with Selenium Manager (Beta)
06/19/2023 01:40:38 PM: INFO: ********Test_003_AddCustomer*******
06/19/2023 01:40:58 PM: INFO: ************ Login Successful ************
06/19/2023 01:40:58 PM: INFO: ******************Starting Add Customer Test*************************
06/19/2023 01:41:03 PM: INFO: *************Providing Customer ***********************
06/19/2023 01:41:32 PM: INFO: Applicable driver not found; attempting to install with Selenium Manager (Beta)
06/19/2023 01:41:33 PM: INFO: **************** verifying Login test *********************
06/19/2023 01:41:51 PM: INFO: ****************Test case is passed *********************
06/19/2023 01:45:46 PM: INFO: Applicable driver not found; attempting to install with Selenium Manager (Beta)
06/19/2023 01:45:47 PM: INFO: ********Test_003_AddCustomer*******
06/19/2023 01:46:07 PM: INFO: ************ Login Successful ************
06/19/2023 01:46:07 PM: INFO: ******************Starting Add Customer Test*************************
06/19/2023 01:46:10 PM: INFO: *************Providing Customer ***********************
06/19/2023 01:46:39 PM: INFO: Applicable driver not found; attempting to install with Selenium Manager (Beta)
06/19/2023 01:46:40 PM: INFO: **************** verifying Login test *********************
06/19/2023 01:47:00 PM: INFO: ****************Test case is passed *********************
06/19/2023 01:57:02 PM: INFO: Applicable driver not found; attempting to install with Selenium Manager (Beta)
06/19/2023 01:57:03 PM: INFO: ********Test_003_AddCustomer*******
06/19/2023 01:57:21 PM: INFO: ************ Login Successful ************
06/19/2023 01:57:21 PM: INFO: ******************Starting Add Customer Test*************************
06/19/2023 01:57:24 PM: INFO: *************Providing Customer ***********************
06/19/2023 01:58:44 PM: INFO: ***********Saving customer info************
06/19/2023 01:58:44 PM: INFO: **************Add Customer validation started ********************************
06/19/2023 01:58:44 PM: ERROR: ***********Add customer Test Failed*******************************
06/19/2023 01:58:45 PM: INFO: Applicable driver not found; attempting to install with Selenium Manager (Beta)
06/19/2023 01:58:46 PM: INFO: **************** verifying Login test *********************
06/19/2023 02:02:02 PM: INFO: Applicable driver not found; attempting to install with Selenium Manager (Beta)
06/19/2023 02:02:03 PM: INFO: ********Test_003_AddCustomer*******
06/19/2023 02:02:22 PM: INFO: ************ Login Successful ************
06/19/2023 02:02:22 PM: INFO: ******************Starting Add Customer Test*************************
06/19/2023 02:02:25 PM: INFO: *************Providing Customer ***********************
06/19/2023 02:03:36 PM: INFO: ***********Saving customer info************
06/19/2023 02:03:36 PM: INFO: **************Add Customer validation started ********************************
06/19/2023 02:03:36 PM: INFO: Applicable driver not found; attempting to install with Selenium Manager (Beta)
06/19/2023 02:03:37 PM: INFO: **************** verifying Login test *********************
06/19/2023 02:06:51 PM: INFO: Applicable driver not found; attempting to install with Selenium Manager (Beta)
06/19/2023 02:06:52 PM: INFO: ********Test_003_AddCustomer*******
06/19/2023 02:07:10 PM: INFO: ************ Login Successful ************
06/19/2023 02:07:10 PM: INFO: ******************Starting Add Customer Test*************************
06/19/2023 02:07:13 PM: INFO: *************Providing Customer ***********************
06/19/2023 02:07:52 PM: INFO: Applicable driver not found; attempting to install with Selenium Manager (Beta)
06/19/2023 02:07:53 PM: INFO: **************** verifying Login test *********************
06/19/2023 02:16:31 PM: INFO: Applicable driver not found; attempting to install with Selenium Manager (Beta)
06/19/2023 02:16:32 PM: INFO: ********Test_003_AddCustomer*******
06/19/2023 02:16:51 PM: INFO: ************ Login Successful ************
06/19/2023 02:16:51 PM: INFO: ******************Starting Add Customer Test*************************
06/19/2023 02:16:53 PM: INFO: *************Providing Customer ***********************
06/19/2023 02:17:53 PM: INFO: ***********Saving customer info************
06/19/2023 02:17:53 PM: INFO: **************Add Customer validation started ********************************
06/19/2023 02:17:53 PM: ERROR: ***********Add customer Test Failed*******************************
06/19/2023 02:17:54 PM: INFO: Applicable driver not found; attempting to install with Selenium Manager (Beta)
06/19/2023 02:17:55 PM: INFO: **************** verifying Login test *********************
06/19/2023 02:18:13 PM: INFO: ****************Test case is passed *********************
06/19/2023 02:19:44 PM: INFO: Applicable driver not found; attempting to install with Selenium Manager (Beta)
06/19/2023 02:19:46 PM: INFO: ********Test_003_AddCustomer*******
06/19/2023 02:20:05 PM: INFO: ************ Login Successful ************
06/19/2023 02:20:05 PM: INFO: ******************Starting Add Customer Test*************************
06/19/2023 02:20:08 PM: INFO: *************Providing Customer ***********************
06/19/2023 02:21:08 PM: INFO: ***********Saving customer info************
06/19/2023 02:21:08 PM: INFO: **************Add Customer validation started ********************************
06/19/2023 02:21:08 PM: INFO: ************ Add customer Test Passed ***************
06/19/2023 02:21:08 PM: INFO: *********** Ending Home Page Title Test ********************
06/19/2023 02:21:08 PM: INFO: Applicable driver not found; attempting to install with Selenium Manager (Beta)
06/19/2023 02:21:10 PM: INFO: **************** verifying Login test *********************
06/19/2023 02:21:26 PM: INFO: ****************Test case is passed *********************
